<testsuite failures="0" name="src/test/java/featurefiles/karate24_karateHooks.feature" skipped="0" tests="1" time="0.006937">
  <testcase classname="src.test.java.featurefiles.karate24_karateHooks" name="karate hooks test case" time="0.006937">
    <system-out>* print "From background block" ........................................... passed
* configure afterFeature = ................................................ passed
* print "From scenario block" ............................................. passed</system-out>
  </testcase>
</testsuite>
