<testsuite failures="0" name="src/test/java/featurefiles/karate04.feature" skipped="0" tests="1" time="1.235128">
  <testcase classname="src.test.java.featurefiles.karate04" name="SOAP API test case 2" time="1.235128">
    <system-out>Given url "http://www.dneonline.com/calculator.asmx" ...................... passed
And header Content-Type = "text/xml; charset=utf-8" ....................... passed
And request ............................................................... passed
When soap action "http://tempuri.org/Add" ................................. passed
Then status 200 ........................................................... passed
* print responseHeaders ................................................... passed
* print responseHeaders["Server"] ......................................... passed
* print responseHeaders["Server"][0] ...................................... passed
* print responseHeaders["Server"] == ["Microsoft-IIS/8.0"] ................ passed
* print responseHeaders["Server"][0] == "Microsoft-IIS/8.0" ............... passed
* print responseType ...................................................... passed
* print response .......................................................... passed
* match response //AddResult == 3 ......................................... passed
* print responseTime ...................................................... passed
* print responseStatus .................................................... passed</system-out>
  </testcase>
</testsuite>
