<testsuite failures="0" name="src/test/java/featurefiles/karate08.feature" skipped="0" tests="1" time="0.018571">
  <testcase classname="src.test.java.featurefiles.karate08" name="Regular expression validation test case 1" time="0.018571">
    <system-out>* def a = "10" ............................................................ passed
* def b = "Karate" ........................................................ passed
* def c = "Karate Framework training 01" .................................. passed
* match a == "#regex [0-9]+" .............................................. passed
* match a == "#regex \\d+" ................................................ passed
* match b == "#regex \\w+" ................................................ passed
* match b == "#regex [A-Z][a-z]+" ......................................... passed
* match c == "#regex (\\w+\\s?)+" ......................................... passed</system-out>
  </testcase>
</testsuite>
