<testsuite failures="0" name="src/test/java/featurefiles/karate15DBTesting.feature" skipped="0" tests="4" time="0.563665">
  <testcase classname="src.test.java.featurefiles.karate15DBTesting" name="select stmt test case" time="0.480746">
    <system-out>* def db = Java.type('misc.myDbUtil') ..................................... passed
* def rows = db.selectStatement("select * from tools") .................... passed
* print rows .............................................................. passed
* match rows contains "Selenium" .......................................... passed</system-out>
  </testcase>
  <testcase classname="src.test.java.featurefiles.karate15DBTesting" name="insert stmt test case" time="0.028535">
    <system-out>* def db = Java.type('misc.myDbUtil') ..................................... passed
* def rows = db.selectStatement("select * from tools") .................... passed
* print rows .............................................................. passed
* match rows contains "Selenium" .......................................... passed
* def db = Java.type('misc.myDbUtil') ..................................... passed
* def res = db.insertStatement("Insert into tools values(151,'sample2','xyz')") . passed
* print res ............................................................... passed
* match res == 'Success' .................................................. passed</system-out>
  </testcase>
  <testcase classname="src.test.java.featurefiles.karate15DBTesting" name="update stmt test case" time="0.031102">
    <system-out>* def db = Java.type('misc.myDbUtil') ..................................... passed
* def rows = db.selectStatement("select * from tools") .................... passed
* print rows .............................................................. passed
* match rows contains "Selenium" .......................................... passed
* def db = Java.type('misc.myDbUtil') ..................................... passed
* def res = db.insertStatement("Insert into tools values(151,'sample2','xyz')") . passed
* print res ............................................................... passed
* match res == 'Success' .................................................. passed
* def db = Java.type('misc.myDbUtil') ..................................... passed
* def rowsAffected = db.updateStatement("update tools set name='sample3' where id=151") . passed
* print rowsAffected ...................................................... passed
* assert rowsAffected &gt;= 1 ................................................ passed</system-out>
  </testcase>
  <testcase classname="src.test.java.featurefiles.karate15DBTesting" name="delete stmt test case" time="0.023281">
    <system-out>* def db = Java.type('misc.myDbUtil') ..................................... passed
* def rows = db.selectStatement("select * from tools") .................... passed
* print rows .............................................................. passed
* match rows contains "Selenium" .......................................... passed
* def db = Java.type('misc.myDbUtil') ..................................... passed
* def res = db.insertStatement("Insert into tools values(151,'sample2','xyz')") . passed
* print res ............................................................... passed
* match res == 'Success' .................................................. passed
* def db = Java.type('misc.myDbUtil') ..................................... passed
* def rowsAffected = db.updateStatement("update tools set name='sample3' where id=151") . passed
* print rowsAffected ...................................................... passed
* assert rowsAffected &gt;= 1 ................................................ passed
* def db = Java.type('misc.myDbUtil') ..................................... passed
* def rowsAffected = db.deleteStatement("delete from tools where id=151") . passed
* print rowsAffected ...................................................... passed
* assert rowsAffected &gt;= 1 ................................................ passed</system-out>
  </testcase>
</testsuite>
