<testsuite failures="0" name="src/test/java/featurefiles/karate21_Kafka2.feature" skipped="0" tests="1" time="0.574356">
  <testcase classname="src.test.java.featurefiles.karate21_Kafka2" name="Producing Topic" time="0.574356">
    <system-out>Given url "http://192.168.1.62:8082" ...................................... passed
Given path "/topics/veera_topic" .......................................... passed
And request ............................................................... passed
And header Content-Type = "application/vnd.kafka.json.v2+json" ............ passed
And header Accept = "application/vnd.kafka.v2+json" ....................... passed
When method post .......................................................... passed
Then status 200 ........................................................... passed
* print response .......................................................... passed
* match response.offsets[1].partition == 0 ................................ passed</system-out>
  </testcase>
</testsuite>
