<testsuite failures="0" name="featurefiles/karate23_usingConfig.feature" skipped="0" tests="1" time="0.163508">
  <testcase classname="featurefiles.karate23_usingConfig" name="karate config test case" time="0.163508">
    <system-out>Given url baseUrl ......................................................... passed
And path listUsers ........................................................ passed
When method get ........................................................... passed
Then status 200 ........................................................... passed
* print response .......................................................... passed</system-out>
  </testcase>
</testsuite>
