<testsuite failures="0" name="featurefiles/karate09.feature" skipped="0" tests="1" time="0.307494">
  <testcase classname="featurefiles.karate09" name="Soap Webservice test case 1" time="0.307494">
    <system-out>Given url "https://www.w3schools.com/xml/tempconvert.asmx" ................ passed
And header Content-Type = "text/xml; charset=utf-8" ....................... passed
And request read("soapinputdata.xml") ..................................... passed
When soap action "https://www.w3schools.com/xml/CelsiusToFahrenheit" ...... passed
Then status 200 ........................................................... passed
* print responseHeaders ................................................... passed
* print responseHeaders["Server"] ......................................... passed
* print responseHeaders["Server"][0] ...................................... passed
* print responseHeaders["Server"] == ["Microsoft-IIS/7.5"] ................ passed
* print responseHeaders["Server"][0] == "Microsoft-IIS/7.5" ............... passed
* print responseType ...................................................... passed
* match responseType == "xml" ............................................. passed
* print response .......................................................... passed
* match response contains "98.6" .......................................... passed
* match response //CelsiusToFahrenheitResult == 98.6 ...................... passed
* print responseTime ...................................................... passed
* assert responseTime &lt;= 2000 ............................................. passed
* print responseStatus .................................................... passed</system-out>
  </testcase>
</testsuite>
