<testsuite failures="0" name="featurefiles/karate07.feature" skipped="0" tests="1" time="0.011265">
  <testcase classname="featurefiles.karate07" name="Datatype validation test case 1" time="0.011265">
    <system-out>* def a = 10 .............................................................. passed
* def b = "Karate" ........................................................ passed
* def c = true ............................................................ passed
* match a == "#number" .................................................... passed
* match b == "#string" .................................................... passed
* match c == "#boolean" ................................................... passed</system-out>
  </testcase>
</testsuite>
